  Viterbi_Decode.c
  Turbo_Encode.c
  Turbo_Decode.c
f:\projects\visual studio\lte_turbo_slva\lte_turbo_slva\lte_turbo_slva\turbo_decode.c(67): warning C4996: 'getch': The POSIX name for this item is deprecated. Instead, use the ISO C and C++ conformant name: _getch. See online help for details.
  c:\program files (x86)\windows kits\10\include\10.0.10240.0\ucrt\conio.h(452): note: 参见“getch”的声明
f:\projects\visual studio\lte_turbo_slva\lte_turbo_slva\lte_turbo_slva\turbo_decode.c(74): warning C4996: 'getch': The POSIX name for this item is deprecated. Instead, use the ISO C and C++ conformant name: _getch. See online help for details.
  c:\program files (x86)\windows kits\10\include\10.0.10240.0\ucrt\conio.h(452): note: 参见“getch”的声明
f:\projects\visual studio\lte_turbo_slva\lte_turbo_slva\lte_turbo_slva\turbo_decode.c(81): warning C4996: 'getch': The POSIX name for this item is deprecated. Instead, use the ISO C and C++ conformant name: _getch. See online help for details.
  c:\program files (x86)\windows kits\10\include\10.0.10240.0\ucrt\conio.h(452): note: 参见“getch”的声明
f:\projects\visual studio\lte_turbo_slva\lte_turbo_slva\lte_turbo_slva\turbo_decode.c(88): warning C4996: 'getch': The POSIX name for this item is deprecated. Instead, use the ISO C and C++ conformant name: _getch. See online help for details.
  c:\program files (x86)\windows kits\10\include\10.0.10240.0\ucrt\conio.h(452): note: 参见“getch”的声明
f:\projects\visual studio\lte_turbo_slva\lte_turbo_slva\lte_turbo_slva\turbo_decode.c(95): warning C4996: 'getch': The POSIX name for this item is deprecated. Instead, use the ISO C and C++ conformant name: _getch. See online help for details.
  c:\program files (x86)\windows kits\10\include\10.0.10240.0\ucrt\conio.h(452): note: 参见“getch”的声明
f:\projects\visual studio\lte_turbo_slva\lte_turbo_slva\lte_turbo_slva\turbo_decode.c(102): warning C4996: 'getch': The POSIX name for this item is deprecated. Instead, use the ISO C and C++ conformant name: _getch. See online help for details.
  c:\program files (x86)\windows kits\10\include\10.0.10240.0\ucrt\conio.h(452): note: 参见“getch”的声明
f:\projects\visual studio\lte_turbo_slva\lte_turbo_slva\lte_turbo_slva\turbo_decode.c(109): warning C4996: 'getch': The POSIX name for this item is deprecated. Instead, use the ISO C and C++ conformant name: _getch. See online help for details.
  c:\program files (x86)\windows kits\10\include\10.0.10240.0\ucrt\conio.h(452): note: 参见“getch”的声明
f:\projects\visual studio\lte_turbo_slva\lte_turbo_slva\lte_turbo_slva\turbo_decode.c(116): warning C4996: 'getch': The POSIX name for this item is deprecated. Instead, use the ISO C and C++ conformant name: _getch. See online help for details.
  c:\program files (x86)\windows kits\10\include\10.0.10240.0\ucrt\conio.h(452): note: 参见“getch”的声明
f:\projects\visual studio\lte_turbo_slva\lte_turbo_slva\lte_turbo_slva\turbo_decode.c(123): warning C4996: 'getch': The POSIX name for this item is deprecated. Instead, use the ISO C and C++ conformant name: _getch. See online help for details.
  c:\program files (x86)\windows kits\10\include\10.0.10240.0\ucrt\conio.h(452): note: 参见“getch”的声明
f:\projects\visual studio\lte_turbo_slva\lte_turbo_slva\lte_turbo_slva\turbo_decode.c(131): warning C4996: 'getch': The POSIX name for this item is deprecated. Instead, use the ISO C and C++ conformant name: _getch. See online help for details.
  c:\program files (x86)\windows kits\10\include\10.0.10240.0\ucrt\conio.h(452): note: 参见“getch”的声明
f:\projects\visual studio\lte_turbo_slva\lte_turbo_slva\lte_turbo_slva\turbo_decode.c(138): warning C4996: 'getch': The POSIX name for this item is deprecated. Instead, use the ISO C and C++ conformant name: _getch. See online help for details.
  c:\program files (x86)\windows kits\10\include\10.0.10240.0\ucrt\conio.h(452): note: 参见“getch”的声明
f:\projects\visual studio\lte_turbo_slva\lte_turbo_slva\lte_turbo_slva\turbo_decode.c(145): warning C4996: 'getch': The POSIX name for this item is deprecated. Instead, use the ISO C and C++ conformant name: _getch. See online help for details.
  c:\program files (x86)\windows kits\10\include\10.0.10240.0\ucrt\conio.h(452): note: 参见“getch”的声明
f:\projects\visual studio\lte_turbo_slva\lte_turbo_slva\lte_turbo_slva\turbo_decode.c(152): warning C4996: 'getch': The POSIX name for this item is deprecated. Instead, use the ISO C and C++ conformant name: _getch. See online help for details.
  c:\program files (x86)\windows kits\10\include\10.0.10240.0\ucrt\conio.h(452): note: 参见“getch”的声明
f:\projects\visual studio\lte_turbo_slva\lte_turbo_slva\lte_turbo_slva\turbo_decode.c(159): warning C4996: 'getch': The POSIX name for this item is deprecated. Instead, use the ISO C and C++ conformant name: _getch. See online help for details.
  c:\program files (x86)\windows kits\10\include\10.0.10240.0\ucrt\conio.h(452): note: 参见“getch”的声明
f:\projects\visual studio\lte_turbo_slva\lte_turbo_slva\lte_turbo_slva\turbo_decode.c(166): warning C4996: 'getch': The POSIX name for this item is deprecated. Instead, use the ISO C and C++ conformant name: _getch. See online help for details.
  c:\program files (x86)\windows kits\10\include\10.0.10240.0\ucrt\conio.h(452): note: 参见“getch”的声明
f:\projects\visual studio\lte_turbo_slva\lte_turbo_slva\lte_turbo_slva\turbo_decode.c(173): warning C4996: 'getch': The POSIX name for this item is deprecated. Instead, use the ISO C and C++ conformant name: _getch. See online help for details.
  c:\program files (x86)\windows kits\10\include\10.0.10240.0\ucrt\conio.h(452): note: 参见“getch”的声明
f:\projects\visual studio\lte_turbo_slva\lte_turbo_slva\lte_turbo_slva\turbo_decode.c(182): warning C4996: 'getch': The POSIX name for this item is deprecated. Instead, use the ISO C and C++ conformant name: _getch. See online help for details.
  c:\program files (x86)\windows kits\10\include\10.0.10240.0\ucrt\conio.h(452): note: 参见“getch”的声明
f:\projects\visual studio\lte_turbo_slva\lte_turbo_slva\lte_turbo_slva\turbo_decode.c(594): warning C4101: “LLR_tmp”: 未引用的局部变量
f:\projects\visual studio\lte_turbo_slva\lte_turbo_slva\lte_turbo_slva\turbo_decode.c(806): warning C4101: “Max_row_weight”: 未引用的局部变量
f:\projects\visual studio\lte_turbo_slva\lte_turbo_slva\lte_turbo_slva\turbo_decode.c(806): warning C4101: “Max_col_weight”: 未引用的局部变量
f:\projects\visual studio\lte_turbo_slva\lte_turbo_slva\lte_turbo_slva\turbo_decode.c(805): warning C4101: “H_ROW”: 未引用的局部变量
f:\projects\visual studio\lte_turbo_slva\lte_turbo_slva\lte_turbo_slva\turbo_decode.c(805): warning C4101: “G_ROW”: 未引用的局部变量
f:\projects\visual studio\lte_turbo_slva\lte_turbo_slva\lte_turbo_slva\turbo_decode.c(805): warning C4101: “COLUMN”: 未引用的局部变量
f:\projects\visual studio\lte_turbo_slva\lte_turbo_slva\lte_turbo_slva\turbo_decode.c(909): warning C4996: 'getch': The POSIX name for this item is deprecated. Instead, use the ISO C and C++ conformant name: _getch. See online help for details.
  c:\program files (x86)\windows kits\10\include\10.0.10240.0\ucrt\conio.h(452): note: 参见“getch”的声明
f:\projects\visual studio\lte_turbo_slva\lte_turbo_slva\lte_turbo_slva\turbo_decode.c(918): warning C4996: 'getch': The POSIX name for this item is deprecated. Instead, use the ISO C and C++ conformant name: _getch. See online help for details.
  c:\program files (x86)\windows kits\10\include\10.0.10240.0\ucrt\conio.h(452): note: 参见“getch”的声明
f:\projects\visual studio\lte_turbo_slva\lte_turbo_slva\lte_turbo_slva\turbo_decode.c(927): warning C4996: 'getch': The POSIX name for this item is deprecated. Instead, use the ISO C and C++ conformant name: _getch. See online help for details.
  c:\program files (x86)\windows kits\10\include\10.0.10240.0\ucrt\conio.h(452): note: 参见“getch”的声明
f:\projects\visual studio\lte_turbo_slva\lte_turbo_slva\lte_turbo_slva\turbo_decode.c(936): warning C4996: 'getch': The POSIX name for this item is deprecated. Instead, use the ISO C and C++ conformant name: _getch. See online help for details.
  c:\program files (x86)\windows kits\10\include\10.0.10240.0\ucrt\conio.h(452): note: 参见“getch”的声明
f:\projects\visual studio\lte_turbo_slva\lte_turbo_slva\lte_turbo_slva\turbo_decode.c(892): warning C4101: “j”: 未引用的局部变量
  SLVA.c
  RateMatch.c
  Modulation.c
f:\projects\visual studio\lte_turbo_slva\lte_turbo_slva\lte_turbo_slva\modulation.c(80): warning C4996: 'getch': The POSIX name for this item is deprecated. Instead, use the ISO C and C++ conformant name: _getch. See online help for details.
  c:\program files (x86)\windows kits\10\include\10.0.10240.0\ucrt\conio.h(452): note: 参见“getch”的声明
f:\projects\visual studio\lte_turbo_slva\lte_turbo_slva\lte_turbo_slva\modulation.c(88): warning C4996: 'getch': The POSIX name for this item is deprecated. Instead, use the ISO C and C++ conformant name: _getch. See online help for details.
  c:\program files (x86)\windows kits\10\include\10.0.10240.0\ucrt\conio.h(452): note: 参见“getch”的声明
f:\projects\visual studio\lte_turbo_slva\lte_turbo_slva\lte_turbo_slva\modulation.c(253): warning C4996: 'getch': The POSIX name for this item is deprecated. Instead, use the ISO C and C++ conformant name: _getch. See online help for details.
  c:\program files (x86)\windows kits\10\include\10.0.10240.0\ucrt\conio.h(452): note: 参见“getch”的声明
f:\projects\visual studio\lte_turbo_slva\lte_turbo_slva\lte_turbo_slva\modulation.c(414): warning C4996: 'getch': The POSIX name for this item is deprecated. Instead, use the ISO C and C++ conformant name: _getch. See online help for details.
  c:\program files (x86)\windows kits\10\include\10.0.10240.0\ucrt\conio.h(452): note: 参见“getch”的声明
  main.c
f:\projects\visual studio\lte_turbo_slva\lte_turbo_slva\lte_turbo_slva\main.c(102): warning C4996: 'getch': The POSIX name for this item is deprecated. Instead, use the ISO C and C++ conformant name: _getch. See online help for details.
  c:\program files (x86)\windows kits\10\include\10.0.10240.0\ucrt\conio.h(452): note: 参见“getch”的声明
f:\projects\visual studio\lte_turbo_slva\lte_turbo_slva\lte_turbo_slva\main.c(109): warning C4996: 'getch': The POSIX name for this item is deprecated. Instead, use the ISO C and C++ conformant name: _getch. See online help for details.
  c:\program files (x86)\windows kits\10\include\10.0.10240.0\ucrt\conio.h(452): note: 参见“getch”的声明
f:\projects\visual studio\lte_turbo_slva\lte_turbo_slva\lte_turbo_slva\main.c(116): warning C4996: 'getch': The POSIX name for this item is deprecated. Instead, use the ISO C and C++ conformant name: _getch. See online help for details.
  c:\program files (x86)\windows kits\10\include\10.0.10240.0\ucrt\conio.h(452): note: 参见“getch”的声明
f:\projects\visual studio\lte_turbo_slva\lte_turbo_slva\lte_turbo_slva\main.c(123): warning C4996: 'getch': The POSIX name for this item is deprecated. Instead, use the ISO C and C++ conformant name: _getch. See online help for details.
  c:\program files (x86)\windows kits\10\include\10.0.10240.0\ucrt\conio.h(452): note: 参见“getch”的声明
f:\projects\visual studio\lte_turbo_slva\lte_turbo_slva\lte_turbo_slva\main.c(133): warning C4996: 'getch': The POSIX name for this item is deprecated. Instead, use the ISO C and C++ conformant name: _getch. See online help for details.
  c:\program files (x86)\windows kits\10\include\10.0.10240.0\ucrt\conio.h(452): note: 参见“getch”的声明
f:\projects\visual studio\lte_turbo_slva\lte_turbo_slva\lte_turbo_slva\main.c(163): warning C4996: 'getch': The POSIX name for this item is deprecated. Instead, use the ISO C and C++ conformant name: _getch. See online help for details.
  c:\program files (x86)\windows kits\10\include\10.0.10240.0\ucrt\conio.h(452): note: 参见“getch”的声明
f:\projects\visual studio\lte_turbo_slva\lte_turbo_slva\lte_turbo_slva\main.c(170): warning C4996: 'getch': The POSIX name for this item is deprecated. Instead, use the ISO C and C++ conformant name: _getch. See online help for details.
  c:\program files (x86)\windows kits\10\include\10.0.10240.0\ucrt\conio.h(452): note: 参见“getch”的声明
f:\projects\visual studio\lte_turbo_slva\lte_turbo_slva\lte_turbo_slva\main.c(177): warning C4996: 'getch': The POSIX name for this item is deprecated. Instead, use the ISO C and C++ conformant name: _getch. See online help for details.
  c:\program files (x86)\windows kits\10\include\10.0.10240.0\ucrt\conio.h(452): note: 参见“getch”的声明
f:\projects\visual studio\lte_turbo_slva\lte_turbo_slva\lte_turbo_slva\main.c(185): warning C4996: 'getch': The POSIX name for this item is deprecated. Instead, use the ISO C and C++ conformant name: _getch. See online help for details.
  c:\program files (x86)\windows kits\10\include\10.0.10240.0\ucrt\conio.h(452): note: 参见“getch”的声明
f:\projects\visual studio\lte_turbo_slva\lte_turbo_slva\lte_turbo_slva\main.c(195): warning C4996: 'getch': The POSIX name for this item is deprecated. Instead, use the ISO C and C++ conformant name: _getch. See online help for details.
  c:\program files (x86)\windows kits\10\include\10.0.10240.0\ucrt\conio.h(452): note: 参见“getch”的声明
f:\projects\visual studio\lte_turbo_slva\lte_turbo_slva\lte_turbo_slva\main.c(202): warning C4996: 'getch': The POSIX name for this item is deprecated. Instead, use the ISO C and C++ conformant name: _getch. See online help for details.
  c:\program files (x86)\windows kits\10\include\10.0.10240.0\ucrt\conio.h(452): note: 参见“getch”的声明
f:\projects\visual studio\lte_turbo_slva\lte_turbo_slva\lte_turbo_slva\main.c(209): warning C4996: 'getch': The POSIX name for this item is deprecated. Instead, use the ISO C and C++ conformant name: _getch. See online help for details.
  c:\program files (x86)\windows kits\10\include\10.0.10240.0\ucrt\conio.h(452): note: 参见“getch”的声明
f:\projects\visual studio\lte_turbo_slva\lte_turbo_slva\lte_turbo_slva\main.c(217): warning C4996: 'getch': The POSIX name for this item is deprecated. Instead, use the ISO C and C++ conformant name: _getch. See online help for details.
  c:\program files (x86)\windows kits\10\include\10.0.10240.0\ucrt\conio.h(452): note: 参见“getch”的声明
f:\projects\visual studio\lte_turbo_slva\lte_turbo_slva\lte_turbo_slva\main.c(225): warning C4996: 'getch': The POSIX name for this item is deprecated. Instead, use the ISO C and C++ conformant name: _getch. See online help for details.
  c:\program files (x86)\windows kits\10\include\10.0.10240.0\ucrt\conio.h(452): note: 参见“getch”的声明
f:\projects\visual studio\lte_turbo_slva\lte_turbo_slva\lte_turbo_slva\main.c(233): warning C4996: 'getch': The POSIX name for this item is deprecated. Instead, use the ISO C and C++ conformant name: _getch. See online help for details.
  c:\program files (x86)\windows kits\10\include\10.0.10240.0\ucrt\conio.h(452): note: 参见“getch”的声明
f:\projects\visual studio\lte_turbo_slva\lte_turbo_slva\lte_turbo_slva\main.c(242): warning C4996: 'getch': The POSIX name for this item is deprecated. Instead, use the ISO C and C++ conformant name: _getch. See online help for details.
  c:\program files (x86)\windows kits\10\include\10.0.10240.0\ucrt\conio.h(452): note: 参见“getch”的声明
f:\projects\visual studio\lte_turbo_slva\lte_turbo_slva\lte_turbo_slva\main.c(250): warning C4996: 'getch': The POSIX name for this item is deprecated. Instead, use the ISO C and C++ conformant name: _getch. See online help for details.
  c:\program files (x86)\windows kits\10\include\10.0.10240.0\ucrt\conio.h(452): note: 参见“getch”的声明
f:\projects\visual studio\lte_turbo_slva\lte_turbo_slva\lte_turbo_slva\main.c(257): warning C4996: 'getch': The POSIX name for this item is deprecated. Instead, use the ISO C and C++ conformant name: _getch. See online help for details.
  c:\program files (x86)\windows kits\10\include\10.0.10240.0\ucrt\conio.h(452): note: 参见“getch”的声明
f:\projects\visual studio\lte_turbo_slva\lte_turbo_slva\lte_turbo_slva\main.c(264): warning C4996: 'getch': The POSIX name for this item is deprecated. Instead, use the ISO C and C++ conformant name: _getch. See online help for details.
  c:\program files (x86)\windows kits\10\include\10.0.10240.0\ucrt\conio.h(452): note: 参见“getch”的声明
f:\projects\visual studio\lte_turbo_slva\lte_turbo_slva\lte_turbo_slva\main.c(271): warning C4996: 'getch': The POSIX name for this item is deprecated. Instead, use the ISO C and C++ conformant name: _getch. See online help for details.
  c:\program files (x86)\windows kits\10\include\10.0.10240.0\ucrt\conio.h(452): note: 参见“getch”的声明
f:\projects\visual studio\lte_turbo_slva\lte_turbo_slva\lte_turbo_slva\main.c(278): warning C4996: 'getch': The POSIX name for this item is deprecated. Instead, use the ISO C and C++ conformant name: _getch. See online help for details.
  c:\program files (x86)\windows kits\10\include\10.0.10240.0\ucrt\conio.h(452): note: 参见“getch”的声明
f:\projects\visual studio\lte_turbo_slva\lte_turbo_slva\lte_turbo_slva\main.c(285): warning C4996: 'getch': The POSIX name for this item is deprecated. Instead, use the ISO C and C++ conformant name: _getch. See online help for details.
  c:\program files (x86)\windows kits\10\include\10.0.10240.0\ucrt\conio.h(452): note: 参见“getch”的声明
f:\projects\visual studio\lte_turbo_slva\lte_turbo_slva\lte_turbo_slva\main.c(292): warning C4996: 'getch': The POSIX name for this item is deprecated. Instead, use the ISO C and C++ conformant name: _getch. See online help for details.
  c:\program files (x86)\windows kits\10\include\10.0.10240.0\ucrt\conio.h(452): note: 参见“getch”的声明
f:\projects\visual studio\lte_turbo_slva\lte_turbo_slva\lte_turbo_slva\main.c(300): warning C4996: 'getch': The POSIX name for this item is deprecated. Instead, use the ISO C and C++ conformant name: _getch. See online help for details.
  c:\program files (x86)\windows kits\10\include\10.0.10240.0\ucrt\conio.h(452): note: 参见“getch”的声明
f:\projects\visual studio\lte_turbo_slva\lte_turbo_slva\lte_turbo_slva\main.c(308): warning C4996: 'getch': The POSIX name for this item is deprecated. Instead, use the ISO C and C++ conformant name: _getch. See online help for details.
  c:\program files (x86)\windows kits\10\include\10.0.10240.0\ucrt\conio.h(452): note: 参见“getch”的声明
f:\projects\visual studio\lte_turbo_slva\lte_turbo_slva\lte_turbo_slva\main.c(316): warning C4996: 'getch': The POSIX name for this item is deprecated. Instead, use the ISO C and C++ conformant name: _getch. See online help for details.
  c:\program files (x86)\windows kits\10\include\10.0.10240.0\ucrt\conio.h(452): note: 参见“getch”的声明
f:\projects\visual studio\lte_turbo_slva\lte_turbo_slva\lte_turbo_slva\main.c(324): warning C4996: 'getch': The POSIX name for this item is deprecated. Instead, use the ISO C and C++ conformant name: _getch. See online help for details.
  c:\program files (x86)\windows kits\10\include\10.0.10240.0\ucrt\conio.h(452): note: 参见“getch”的声明
f:\projects\visual studio\lte_turbo_slva\lte_turbo_slva\lte_turbo_slva\main.c(332): warning C4996: 'getch': The POSIX name for this item is deprecated. Instead, use the ISO C and C++ conformant name: _getch. See online help for details.
  c:\program files (x86)\windows kits\10\include\10.0.10240.0\ucrt\conio.h(452): note: 参见“getch”的声明
f:\projects\visual studio\lte_turbo_slva\lte_turbo_slva\lte_turbo_slva\main.c(372): warning C4996: 'strcpy': This function or variable may be unsafe. Consider using strcpy_s instead. To disable deprecation, use _CRT_SECURE_NO_WARNINGS. See online help for details.
  c:\program files (x86)\windows kits\10\include\10.0.10240.0\ucrt\string.h(119): note: 参见“strcpy”的声明
f:\projects\visual studio\lte_turbo_slva\lte_turbo_slva\lte_turbo_slva\main.c(373): warning C4996: '_itoa': This function or variable may be unsafe. Consider using _itoa_s instead. To disable deprecation, use _CRT_SECURE_NO_WARNINGS. See online help for details.
  c:\program files (x86)\windows kits\10\include\10.0.10240.0\ucrt\stdlib.h(637): note: 参见“_itoa”的声明
f:\projects\visual studio\lte_turbo_slva\lte_turbo_slva\lte_turbo_slva\main.c(374): warning C4996: 'strcat': This function or variable may be unsafe. Consider using strcat_s instead. To disable deprecation, use _CRT_SECURE_NO_WARNINGS. See online help for details.
  c:\program files (x86)\windows kits\10\include\10.0.10240.0\ucrt\string.h(90): note: 参见“strcat”的声明
f:\projects\visual studio\lte_turbo_slva\lte_turbo_slva\lte_turbo_slva\main.c(375): warning C4996: 'strcat': This function or variable may be unsafe. Consider using strcat_s instead. To disable deprecation, use _CRT_SECURE_NO_WARNINGS. See online help for details.
  c:\program files (x86)\windows kits\10\include\10.0.10240.0\ucrt\string.h(90): note: 参见“strcat”的声明
f:\projects\visual studio\lte_turbo_slva\lte_turbo_slva\lte_turbo_slva\main.c(376): warning C4996: '_itoa': This function or variable may be unsafe. Consider using _itoa_s instead. To disable deprecation, use _CRT_SECURE_NO_WARNINGS. See online help for details.
  c:\program files (x86)\windows kits\10\include\10.0.10240.0\ucrt\stdlib.h(637): note: 参见“_itoa”的声明
f:\projects\visual studio\lte_turbo_slva\lte_turbo_slva\lte_turbo_slva\main.c(377): warning C4996: 'strcat': This function or variable may be unsafe. Consider using strcat_s instead. To disable deprecation, use _CRT_SECURE_NO_WARNINGS. See online help for details.
  c:\program files (x86)\windows kits\10\include\10.0.10240.0\ucrt\string.h(90): note: 参见“strcat”的声明
f:\projects\visual studio\lte_turbo_slva\lte_turbo_slva\lte_turbo_slva\main.c(378): warning C4996: 'strcat': This function or variable may be unsafe. Consider using strcat_s instead. To disable deprecation, use _CRT_SECURE_NO_WARNINGS. See online help for details.
  c:\program files (x86)\windows kits\10\include\10.0.10240.0\ucrt\string.h(90): note: 参见“strcat”的声明
f:\projects\visual studio\lte_turbo_slva\lte_turbo_slva\lte_turbo_slva\main.c(379): warning C4996: '_itoa': This function or variable may be unsafe. Consider using _itoa_s instead. To disable deprecation, use _CRT_SECURE_NO_WARNINGS. See online help for details.
  c:\program files (x86)\windows kits\10\include\10.0.10240.0\ucrt\stdlib.h(637): note: 参见“_itoa”的声明
f:\projects\visual studio\lte_turbo_slva\lte_turbo_slva\lte_turbo_slva\main.c(380): warning C4996: 'strcat': This function or variable may be unsafe. Consider using strcat_s instead. To disable deprecation, use _CRT_SECURE_NO_WARNINGS. See online help for details.
  c:\program files (x86)\windows kits\10\include\10.0.10240.0\ucrt\string.h(90): note: 参见“strcat”的声明
f:\projects\visual studio\lte_turbo_slva\lte_turbo_slva\lte_turbo_slva\main.c(382): warning C4996: 'strcat': This function or variable may be unsafe. Consider using strcat_s instead. To disable deprecation, use _CRT_SECURE_NO_WARNINGS. See online help for details.
  c:\program files (x86)\windows kits\10\include\10.0.10240.0\ucrt\string.h(90): note: 参见“strcat”的声明
f:\projects\visual studio\lte_turbo_slva\lte_turbo_slva\lte_turbo_slva\main.c(383): warning C4996: '_itoa': This function or variable may be unsafe. Consider using _itoa_s instead. To disable deprecation, use _CRT_SECURE_NO_WARNINGS. See online help for details.
  c:\program files (x86)\windows kits\10\include\10.0.10240.0\ucrt\stdlib.h(637): note: 参见“_itoa”的声明
f:\projects\visual studio\lte_turbo_slva\lte_turbo_slva\lte_turbo_slva\main.c(384): warning C4996: 'strcat': This function or variable may be unsafe. Consider using strcat_s instead. To disable deprecation, use _CRT_SECURE_NO_WARNINGS. See online help for details.
  c:\program files (x86)\windows kits\10\include\10.0.10240.0\ucrt\string.h(90): note: 参见“strcat”的声明
f:\projects\visual studio\lte_turbo_slva\lte_turbo_slva\lte_turbo_slva\main.c(385): warning C4996: 'strcat': This function or variable may be unsafe. Consider using strcat_s instead. To disable deprecation, use _CRT_SECURE_NO_WARNINGS. See online help for details.
  c:\program files (x86)\windows kits\10\include\10.0.10240.0\ucrt\string.h(90): note: 参见“strcat”的声明
f:\projects\visual studio\lte_turbo_slva\lte_turbo_slva\lte_turbo_slva\main.c(392): warning C4996: 'fopen': This function or variable may be unsafe. Consider using fopen_s instead. To disable deprecation, use _CRT_SECURE_NO_WARNINGS. See online help for details.
  c:\program files (x86)\windows kits\10\include\10.0.10240.0\ucrt\stdio.h(205): note: 参见“fopen”的声明
f:\projects\visual studio\lte_turbo_slva\lte_turbo_slva\lte_turbo_slva\main.c(394): warning C4996: 'getch': The POSIX name for this item is deprecated. Instead, use the ISO C and C++ conformant name: _getch. See online help for details.
  c:\program files (x86)\windows kits\10\include\10.0.10240.0\ucrt\conio.h(452): note: 参见“getch”的声明
f:\projects\visual studio\lte_turbo_slva\lte_turbo_slva\lte_turbo_slva\main.c(402): warning C4996: 'fopen': This function or variable may be unsafe. Consider using fopen_s instead. To disable deprecation, use _CRT_SECURE_NO_WARNINGS. See online help for details.
  c:\program files (x86)\windows kits\10\include\10.0.10240.0\ucrt\stdio.h(205): note: 参见“fopen”的声明
f:\projects\visual studio\lte_turbo_slva\lte_turbo_slva\lte_turbo_slva\main.c(404): warning C4996: 'getch': The POSIX name for this item is deprecated. Instead, use the ISO C and C++ conformant name: _getch. See online help for details.
  c:\program files (x86)\windows kits\10\include\10.0.10240.0\ucrt\conio.h(452): note: 参见“getch”的声明
f:\projects\visual studio\lte_turbo_slva\lte_turbo_slva\lte_turbo_slva\main.c(556): warning C4996: 'fopen': This function or variable may be unsafe. Consider using fopen_s instead. To disable deprecation, use _CRT_SECURE_NO_WARNINGS. See online help for details.
  c:\program files (x86)\windows kits\10\include\10.0.10240.0\ucrt\stdio.h(205): note: 参见“fopen”的声明
f:\projects\visual studio\lte_turbo_slva\lte_turbo_slva\lte_turbo_slva\main.c(558): warning C4996: 'getch': The POSIX name for this item is deprecated. Instead, use the ISO C and C++ conformant name: _getch. See online help for details.
  c:\program files (x86)\windows kits\10\include\10.0.10240.0\ucrt\conio.h(452): note: 参见“getch”的声明
f:\projects\visual studio\lte_turbo_slva\lte_turbo_slva\lte_turbo_slva\main.c(57): warning C4101: “pn_i”: 未引用的局部变量
f:\projects\visual studio\lte_turbo_slva\lte_turbo_slva\lte_turbo_slva\main.c(70): warning C4101: “tailBitAddr_awgn_output”: 未引用的局部变量
f:\projects\visual studio\lte_turbo_slva\lte_turbo_slva\lte_turbo_slva\main.c(67): warning C4101: “q2”: 未引用的局部变量
f:\projects\visual studio\lte_turbo_slva\lte_turbo_slva\lte_turbo_slva\main.c(67): warning C4101: “q1”: 未引用的局部变量
f:\projects\visual studio\lte_turbo_slva\lte_turbo_slva\lte_turbo_slva\main.c(66): warning C4101: “j”: 未引用的局部变量
f:\projects\visual studio\lte_turbo_slva\lte_turbo_slva\lte_turbo_slva\main.c(66): warning C4101: “i”: 未引用的局部变量
f:\projects\visual studio\lte_turbo_slva\lte_turbo_slva\lte_turbo_slva\main.c(59): warning C4101: “StoP_j”: 未引用的局部变量
  DeRateMatch.c
  CRC_Encode.c
  CRC_Decode.c
  channel.c
  正在生成代码...
  LTE_Turbo_SLVA.vcxproj -> F:\projects\visual studio\LTE_Turbo_SLVA\LTE_Turbo_SLVA\x64\Debug\LTE_Turbo_SLVA.exe
  LTE_Turbo_SLVA.vcxproj -> F:\projects\visual studio\LTE_Turbo_SLVA\LTE_Turbo_SLVA\x64\Debug\LTE_Turbo_SLVA.pdb (Full PDB)
