e:\通信实验室\毕设\osd\lte_turbo_slva\lte_turbo_slva\x64\debug\channel.obj
e:\通信实验室\毕设\osd\lte_turbo_slva\lte_turbo_slva\x64\debug\crc_decode.obj
e:\通信实验室\毕设\osd\lte_turbo_slva\lte_turbo_slva\x64\debug\crc_encode.obj
e:\通信实验室\毕设\osd\lte_turbo_slva\lte_turbo_slva\x64\debug\deratematch.obj
e:\通信实验室\毕设\osd\lte_turbo_slva\lte_turbo_slva\x64\debug\main.obj
e:\通信实验室\毕设\osd\lte_turbo_slva\lte_turbo_slva\x64\debug\modulation.obj
e:\通信实验室\毕设\osd\lte_turbo_slva\lte_turbo_slva\x64\debug\ratematch.obj
e:\通信实验室\毕设\osd\lte_turbo_slva\lte_turbo_slva\x64\debug\slva.obj
e:\通信实验室\毕设\osd\lte_turbo_slva\lte_turbo_slva\x64\debug\turbo_decode.obj
e:\通信实验室\毕设\osd\lte_turbo_slva\lte_turbo_slva\x64\debug\turbo_encode.obj
e:\通信实验室\毕设\osd\lte_turbo_slva\lte_turbo_slva\x64\debug\viterbi_decode.obj
e:\通信实验室\毕设\osd\lte_turbo_slva\lte_turbo_slva\x64\debug\vc100.pdb
e:\通信实验室\毕设\osd\lte_turbo_slva\x64\debug\lte_turbo_slva.ilk
e:\通信实验室\毕设\osd\lte_turbo_slva\x64\debug\lte_turbo_slva.exe
e:\通信实验室\毕设\osd\lte_turbo_slva\lte_turbo_slva\x64\debug\lte_turbo_slva.exe.intermediate.manifest
e:\通信实验室\毕设\osd\lte_turbo_slva\x64\debug\lte_turbo_slva.pdb
e:\通信实验室\毕设\osd\lte_turbo_slva\lte_turbo_slva\x64\debug\lte_turbo_slva.exe.embed.manifest
e:\通信实验室\毕设\osd\lte_turbo_slva\lte_turbo_slva\x64\debug\lte_turbo_slva.exe.embed.manifest.res
f:\projects\visual studio\lte_turbo_slva\lte_turbo_slva\lte_turbo_slva\x64\debug\channel.obj
f:\projects\visual studio\lte_turbo_slva\lte_turbo_slva\lte_turbo_slva\x64\debug\crc_decode.obj
f:\projects\visual studio\lte_turbo_slva\lte_turbo_slva\lte_turbo_slva\x64\debug\crc_encode.obj
f:\projects\visual studio\lte_turbo_slva\lte_turbo_slva\lte_turbo_slva\x64\debug\deratematch.obj
f:\projects\visual studio\lte_turbo_slva\lte_turbo_slva\lte_turbo_slva\x64\debug\main.obj
f:\projects\visual studio\lte_turbo_slva\lte_turbo_slva\lte_turbo_slva\x64\debug\modulation.obj
f:\projects\visual studio\lte_turbo_slva\lte_turbo_slva\lte_turbo_slva\x64\debug\ratematch.obj
f:\projects\visual studio\lte_turbo_slva\lte_turbo_slva\lte_turbo_slva\x64\debug\slva.obj
f:\projects\visual studio\lte_turbo_slva\lte_turbo_slva\lte_turbo_slva\x64\debug\turbo_decode.obj
f:\projects\visual studio\lte_turbo_slva\lte_turbo_slva\lte_turbo_slva\x64\debug\turbo_encode.obj
f:\projects\visual studio\lte_turbo_slva\lte_turbo_slva\lte_turbo_slva\x64\debug\viterbi_decode.obj
f:\projects\visual studio\lte_turbo_slva\lte_turbo_slva\lte_turbo_slva\x64\debug\cl.command.1.tlog
f:\projects\visual studio\lte_turbo_slva\lte_turbo_slva\lte_turbo_slva\x64\debug\cl.read.1.tlog
f:\projects\visual studio\lte_turbo_slva\lte_turbo_slva\lte_turbo_slva\x64\debug\cl.write.1.tlog
f:\projects\visual studio\lte_turbo_slva\lte_turbo_slva\lte_turbo_slva\x64\debug\link-cvtres.read.1.tlog
f:\projects\visual studio\lte_turbo_slva\lte_turbo_slva\lte_turbo_slva\x64\debug\link-cvtres.write.1.tlog
f:\projects\visual studio\lte_turbo_slva\lte_turbo_slva\lte_turbo_slva\x64\debug\link.command.1.tlog
f:\projects\visual studio\lte_turbo_slva\lte_turbo_slva\lte_turbo_slva\x64\debug\link.read.1.tlog
f:\projects\visual studio\lte_turbo_slva\lte_turbo_slva\lte_turbo_slva\x64\debug\link.write.1.tlog
f:\projects\visual studio\lte_turbo_slva\lte_turbo_slva\lte_turbo_slva\x64\debug\mt.command.1.tlog
f:\projects\visual studio\lte_turbo_slva\lte_turbo_slva\lte_turbo_slva\x64\debug\mt.read.1.tlog
f:\projects\visual studio\lte_turbo_slva\lte_turbo_slva\lte_turbo_slva\x64\debug\mt.write.1.tlog
f:\projects\visual studio\lte_turbo_slva\lte_turbo_slva\lte_turbo_slva\x64\debug\rc.command.1.tlog
f:\projects\visual studio\lte_turbo_slva\lte_turbo_slva\lte_turbo_slva\x64\debug\rc.read.1.tlog
f:\projects\visual studio\lte_turbo_slva\lte_turbo_slva\lte_turbo_slva\x64\debug\rc.write.1.tlog
f:\projects\visual studio\lte_turbo_slva\lte_turbo_slva\lte_turbo_slva\x64\debug\lte_turbo_slva.exe.embed.manifest
f:\projects\visual studio\lte_turbo_slva\lte_turbo_slva\lte_turbo_slva\x64\debug\lte_turbo_slva.exe.intermediate.manifest
f:\projects\visual studio\lte_turbo_slva\lte_turbo_slva\lte_turbo_slva\x64\debug\lte_turbo_slva.exe.embed.manifest.res
f:\projects\visual studio\lte_turbo_slva\lte_turbo_slva\lte_turbo_slva\x64\debug\vc100.idb
f:\projects\visual studio\lte_turbo_slva\lte_turbo_slva\lte_turbo_slva\x64\debug\vc100.pdb
f:\projects\visual studio\lte_turbo_slva\lte_turbo_slva\lte_turbo_slva\x64\debug\lte_turbo_slva_manifest.rc
f:\projects\visual studio\lte_turbo_slva\lte_turbo_slva\x64\debug\lte_turbo_slva.pdb
f:\projects\visual studio\lte_turbo_slva\lte_turbo_slva\x64\debug\lte_turbo_slva.exe
f:\projects\visual studio\lte_turbo_slva\lte_turbo_slva\x64\debug\lte_turbo_slva.ilk
