f:\projects\visual studio\lte_turbo_slva\lte_turbo_slva\lte_turbo_slva\x64\release\vc140.pdb
f:\projects\visual studio\lte_turbo_slva\lte_turbo_slva\lte_turbo_slva\x64\release\viterbi_decode.obj
f:\projects\visual studio\lte_turbo_slva\lte_turbo_slva\lte_turbo_slva\x64\release\turbo_encode.obj
f:\projects\visual studio\lte_turbo_slva\lte_turbo_slva\lte_turbo_slva\x64\release\turbo_decode.obj
f:\projects\visual studio\lte_turbo_slva\lte_turbo_slva\lte_turbo_slva\x64\release\slva.obj
f:\projects\visual studio\lte_turbo_slva\lte_turbo_slva\lte_turbo_slva\x64\release\ratematch.obj
f:\projects\visual studio\lte_turbo_slva\lte_turbo_slva\lte_turbo_slva\x64\release\modulation.obj
f:\projects\visual studio\lte_turbo_slva\lte_turbo_slva\lte_turbo_slva\x64\release\main.obj
f:\projects\visual studio\lte_turbo_slva\lte_turbo_slva\lte_turbo_slva\x64\release\deratematch.obj
f:\projects\visual studio\lte_turbo_slva\lte_turbo_slva\lte_turbo_slva\x64\release\crc_encode.obj
f:\projects\visual studio\lte_turbo_slva\lte_turbo_slva\lte_turbo_slva\x64\release\crc_decode.obj
f:\projects\visual studio\lte_turbo_slva\lte_turbo_slva\lte_turbo_slva\x64\release\channel.obj
f:\projects\visual studio\lte_turbo_slva\lte_turbo_slva\x64\release\lte_turbo_slva.exe
f:\projects\visual studio\lte_turbo_slva\lte_turbo_slva\x64\release\lte_turbo_slva.ipdb
f:\projects\visual studio\lte_turbo_slva\lte_turbo_slva\x64\release\lte_turbo_slva.iobj
f:\projects\visual studio\lte_turbo_slva\lte_turbo_slva\x64\release\lte_turbo_slva.pdb
f:\projects\visual studio\lte_turbo_slva\lte_turbo_slva\lte_turbo_slva\x64\release\lte_turbo_slva.tlog\cl.command.1.tlog
f:\projects\visual studio\lte_turbo_slva\lte_turbo_slva\lte_turbo_slva\x64\release\lte_turbo_slva.tlog\cl.read.1.tlog
f:\projects\visual studio\lte_turbo_slva\lte_turbo_slva\lte_turbo_slva\x64\release\lte_turbo_slva.tlog\cl.write.1.tlog
f:\projects\visual studio\lte_turbo_slva\lte_turbo_slva\lte_turbo_slva\x64\release\lte_turbo_slva.tlog\link.command.1.tlog
f:\projects\visual studio\lte_turbo_slva\lte_turbo_slva\lte_turbo_slva\x64\release\lte_turbo_slva.tlog\link.read.1.tlog
f:\projects\visual studio\lte_turbo_slva\lte_turbo_slva\lte_turbo_slva\x64\release\lte_turbo_slva.tlog\link.write.1.tlog
