f:\projects\vs2015\ldscdma_nbldpc\ldscdma_nbldpc_oite\debug\vc140.pdb
f:\projects\vs2015\ldscdma_nbldpc\ldscdma_nbldpc_oite\debug\vc140.idb
f:\projects\vs2015\ldscdma_nbldpc\ldscdma_nbldpc_oite\debug\comm.obj
f:\projects\vs2015\ldscdma_nbldpc\ldscdma_nbldpc_oite\debug\complex.obj
f:\projects\vs2015\ldscdma_nbldpc\ldscdma_nbldpc_oite\debug\gf.obj
f:\projects\vs2015\ldscdma_nbldpc\ldscdma_nbldpc_oite\debug\gfelement.obj
f:\projects\vs2015\ldscdma_nbldpc\ldscdma_nbldpc_oite\debug\ldscdma_nbldpc_oite.obj
f:\projects\vs2015\ldscdma_nbldpc\ldscdma_nbldpc_oite\debug\nbldpc.obj
f:\projects\vs2015\ldscdma_nbldpc\ldscdma_nbldpc_oite\debug\rand.obj
f:\projects\vs2015\ldscdma_nbldpc\ldscdma_nbldpc_oite\debug\stdafx.obj
f:\projects\vs2015\ldscdma_nbldpc\ldscdma_nbldpc_oite\debug\simulation.obj
f:\projects\vs2015\ldscdma_nbldpc\debug\ldscdma_nbldpc_oite.ilk
f:\projects\vs2015\ldscdma_nbldpc\debug\ldscdma_nbldpc_oite.exe
f:\projects\vs2015\ldscdma_nbldpc\debug\ldscdma_nbldpc_oite.pdb
f:\projects\vs2015\ldscdma_nbldpc\ldscdma_nbldpc_oite\debug\ldscdma_.05d7406d.tlog\cl.command.1.tlog
f:\projects\vs2015\ldscdma_nbldpc\ldscdma_nbldpc_oite\debug\ldscdma_.05d7406d.tlog\cl.read.1.tlog
f:\projects\vs2015\ldscdma_nbldpc\ldscdma_nbldpc_oite\debug\ldscdma_.05d7406d.tlog\cl.write.1.tlog
f:\projects\vs2015\ldscdma_nbldpc\ldscdma_nbldpc_oite\debug\ldscdma_.05d7406d.tlog\link.command.1.tlog
f:\projects\vs2015\ldscdma_nbldpc\ldscdma_nbldpc_oite\debug\ldscdma_.05d7406d.tlog\link.read.1.tlog
f:\projects\vs2015\ldscdma_nbldpc\ldscdma_nbldpc_oite\debug\ldscdma_.05d7406d.tlog\link.write.1.tlog
