e:\yang\project\visual studio\ldscdma_ldpc\ldscdma_ldpc\debug\comm.obj
e:\yang\project\visual studio\ldscdma_ldpc\ldscdma_ldpc\debug\complex.obj
e:\yang\project\visual studio\ldscdma_ldpc\ldscdma_ldpc\debug\ldpc.obj
e:\yang\project\visual studio\ldscdma_ldpc\ldscdma_ldpc\debug\ldscdma.obj
e:\yang\project\visual studio\ldscdma_ldpc\ldscdma_ldpc\debug\rand.obj
e:\yang\project\visual studio\ldscdma_ldpc\ldscdma_ldpc\debug\stdafx.obj
e:\yang\project\visual studio\ldscdma_ldpc\ldscdma_ldpc\debug\vc100.pdb
e:\yang\project\visual studio\ldscdma_ldpc\debug\ldscdma_ldpc.ilk
e:\yang\project\visual studio\ldscdma_ldpc\debug\ldscdma_ldpc.exe
e:\yang\project\visual studio\ldscdma_ldpc\ldscdma_ldpc\debug\ldscdma_ldpc.exe.intermediate.manifest
e:\yang\project\visual studio\ldscdma_ldpc\debug\ldscdma_ldpc.pdb
e:\yang\project\visual studio\ldscdma_ldpc\ldscdma_ldpc\debug\ldscdma_ldpc.exe.embed.manifest
e:\yang\project\visual studio\ldscdma_ldpc\ldscdma_ldpc\debug\ldscdma_ldpc.exe.embed.manifest.res
f:\projects\visual studio\ldscdma_ldpc\ldscdma_ldpc\debug\vc140.pdb
f:\projects\visual studio\ldscdma_ldpc\ldscdma_ldpc\debug\vc140.idb
f:\projects\visual studio\ldscdma_ldpc\ldscdma_ldpc\debug\comm.obj
f:\projects\visual studio\ldscdma_ldpc\ldscdma_ldpc\debug\complex.obj
f:\projects\visual studio\ldscdma_ldpc\ldscdma_ldpc\debug\ldpc.obj
f:\projects\visual studio\ldscdma_ldpc\ldscdma_ldpc\debug\ldscdma.obj
f:\projects\visual studio\ldscdma_ldpc\ldscdma_ldpc\debug\rand.obj
f:\projects\visual studio\ldscdma_ldpc\ldscdma_ldpc\debug\stdafx.obj
f:\projects\visual studio\ldscdma_ldpc\ldscdma_ldpc\debug\ldscdma_ldpc.obj
f:\projects\visual studio\ldscdma_ldpc\debug\ldscdma_ldpc.ilk
f:\projects\visual studio\ldscdma_ldpc\debug\ldscdma_ldpc.exe
f:\projects\visual studio\ldscdma_ldpc\debug\ldscdma_ldpc.pdb
f:\projects\visual studio\ldscdma_ldpc\ldscdma_ldpc\debug\cl.command.1.tlog
f:\projects\visual studio\ldscdma_ldpc\ldscdma_ldpc\debug\cl.read.1.tlog
f:\projects\visual studio\ldscdma_ldpc\ldscdma_ldpc\debug\cl.write.1.tlog
f:\projects\visual studio\ldscdma_ldpc\ldscdma_ldpc\debug\link-cvtres.read.1.tlog
f:\projects\visual studio\ldscdma_ldpc\ldscdma_ldpc\debug\link-cvtres.write.1.tlog
f:\projects\visual studio\ldscdma_ldpc\ldscdma_ldpc\debug\link.8184-cvtres.read.1.tlog
f:\projects\visual studio\ldscdma_ldpc\ldscdma_ldpc\debug\link.8184-cvtres.write.1.tlog
f:\projects\visual studio\ldscdma_ldpc\ldscdma_ldpc\debug\link.8184.read.1.tlog
f:\projects\visual studio\ldscdma_ldpc\ldscdma_ldpc\debug\link.8184.write.1.tlog
f:\projects\visual studio\ldscdma_ldpc\ldscdma_ldpc\debug\link.command.1.tlog
f:\projects\visual studio\ldscdma_ldpc\ldscdma_ldpc\debug\link.read.1.tlog
f:\projects\visual studio\ldscdma_ldpc\ldscdma_ldpc\debug\link.write.1.tlog
f:\projects\visual studio\ldscdma_ldpc\ldscdma_ldpc\debug\mt.command.1.tlog
f:\projects\visual studio\ldscdma_ldpc\ldscdma_ldpc\debug\mt.read.1.tlog
f:\projects\visual studio\ldscdma_ldpc\ldscdma_ldpc\debug\mt.write.1.tlog
f:\projects\visual studio\ldscdma_ldpc\ldscdma_ldpc\debug\rc.command.1.tlog
f:\projects\visual studio\ldscdma_ldpc\ldscdma_ldpc\debug\rc.read.1.tlog
f:\projects\visual studio\ldscdma_ldpc\ldscdma_ldpc\debug\rc.write.1.tlog
f:\projects\visual studio\ldscdma_ldpc\ldscdma_ldpc\debug\ldscdma_ldpc.exe.embed.manifest
f:\projects\visual studio\ldscdma_ldpc\ldscdma_ldpc\debug\ldscdma_ldpc.exe.intermediate.manifest
f:\projects\visual studio\ldscdma_ldpc\ldscdma_ldpc\debug\ldscdma_ldpc.exe.embed.manifest.res
f:\projects\visual studio\ldscdma_ldpc\ldscdma_ldpc\debug\vc100.idb
f:\projects\visual studio\ldscdma_ldpc\ldscdma_ldpc\debug\vc100.pdb
f:\projects\visual studio\ldscdma_ldpc\ldscdma_ldpc\debug\ldscdma_ldpc_manifest.rc
f:\projects\visual studio\ldscdma_ldpc\ldscdma_ldpc\debug\ldscdma_ldpc.tlog\cl.command.1.tlog
f:\projects\visual studio\ldscdma_ldpc\ldscdma_ldpc\debug\ldscdma_ldpc.tlog\cl.read.1.tlog
f:\projects\visual studio\ldscdma_ldpc\ldscdma_ldpc\debug\ldscdma_ldpc.tlog\cl.write.1.tlog
f:\projects\visual studio\ldscdma_ldpc\ldscdma_ldpc\debug\ldscdma_ldpc.tlog\link.command.1.tlog
f:\projects\visual studio\ldscdma_ldpc\ldscdma_ldpc\debug\ldscdma_ldpc.tlog\link.read.1.tlog
f:\projects\visual studio\ldscdma_ldpc\ldscdma_ldpc\debug\ldscdma_ldpc.tlog\link.write.1.tlog
