f:\projects\visual studio\turbo\float_fixed_3buf_v10\float_fixed_3buf_v10\release\vc140.pdb
f:\projects\visual studio\turbo\float_fixed_3buf_v10\float_fixed_3buf_v10\release\turbo_interleave.obj
f:\projects\visual studio\turbo\float_fixed_3buf_v10\float_fixed_3buf_v10\release\turbo_encode.obj
f:\projects\visual studio\turbo\float_fixed_3buf_v10\float_fixed_3buf_v10\release\turbo_deinterleave_fixed.obj
f:\projects\visual studio\turbo\float_fixed_3buf_v10\float_fixed_3buf_v10\release\turbo_deinterleave.obj
f:\projects\visual studio\turbo\float_fixed_3buf_v10\float_fixed_3buf_v10\release\turbodecode_sw_subblock_3buf_float.obj
f:\projects\visual studio\turbo\float_fixed_3buf_v10\float_fixed_3buf_v10\release\turbodecode_sw_subblock_3buf_fixed.obj
f:\projects\visual studio\turbo\float_fixed_3buf_v10\float_fixed_3buf_v10\release\simulation.obj
f:\projects\visual studio\turbo\float_fixed_3buf_v10\float_fixed_3buf_v10\release\modulation.obj
f:\projects\visual studio\turbo\float_fixed_3buf_v10\float_fixed_3buf_v10\release\main.obj
f:\projects\visual studio\turbo\float_fixed_3buf_v10\float_fixed_3buf_v10\release\lte_turbo_encode.obj
f:\projects\visual studio\turbo\float_fixed_3buf_v10\float_fixed_3buf_v10\release\lte_turbo_decode_float.obj
f:\projects\visual studio\turbo\float_fixed_3buf_v10\float_fixed_3buf_v10\release\lte_turbo_decode_fixed.obj
f:\projects\visual studio\turbo\float_fixed_3buf_v10\float_fixed_3buf_v10\release\initial.obj
f:\projects\visual studio\turbo\float_fixed_3buf_v10\float_fixed_3buf_v10\release\fixed_function.obj
f:\projects\visual studio\turbo\float_fixed_3buf_v10\float_fixed_3buf_v10\release\awgn_channel.obj
f:\projects\visual studio\turbo\float_fixed_3buf_v10\release\float_fixed_3buf_v10.exe
f:\projects\visual studio\turbo\float_fixed_3buf_v10\release\float_fixed_3buf_v10.ipdb
f:\projects\visual studio\turbo\float_fixed_3buf_v10\release\float_fixed_3buf_v10.iobj
f:\projects\visual studio\turbo\float_fixed_3buf_v10\release\float_fixed_3buf_v10.pdb
f:\projects\visual studio\turbo\float_fixed_3buf_v10\float_fixed_3buf_v10\release\float_fi.961ff603.tlog\cl.command.1.tlog
f:\projects\visual studio\turbo\float_fixed_3buf_v10\float_fixed_3buf_v10\release\float_fi.961ff603.tlog\cl.read.1.tlog
f:\projects\visual studio\turbo\float_fixed_3buf_v10\float_fixed_3buf_v10\release\float_fi.961ff603.tlog\cl.write.1.tlog
f:\projects\visual studio\turbo\float_fixed_3buf_v10\float_fixed_3buf_v10\release\float_fi.961ff603.tlog\link.command.1.tlog
f:\projects\visual studio\turbo\float_fixed_3buf_v10\float_fixed_3buf_v10\release\float_fi.961ff603.tlog\link.read.1.tlog
f:\projects\visual studio\turbo\float_fixed_3buf_v10\float_fixed_3buf_v10\release\float_fi.961ff603.tlog\link.write.1.tlog
